This file contains any messages produced by compilers while
running configure, to aid debugging if configure makes a mistake.

It was created by glocate configure 0.1, which was
generated by GNU Autoconf 2.69.  Invocation command line was

  $ /home/olegartys/glocate/configure --enable-maintainer-mode CFLAGS=-g -O0 CXXFLAGS=-g -O0 JFLAGS=-g -O0 FFLAGS=-g -O0 --no-create --no-recursion

## --------- ##
## Platform. ##
## --------- ##

hostname = olegartys-Acer
uname -m = i686
uname -r = 3.13.0-43-generic
uname -s = Linux
uname -v = #72-Ubuntu SMP Mon Dec 8 19:35:44 UTC 2014

/usr/bin/uname -p = unknown
/bin/uname -X     = unknown

/bin/arch              = unknown
/usr/bin/arch -k       = unknown
/usr/convex/getsysinfo = unknown
/usr/bin/hostinfo      = unknown
/bin/machine           = unknown
/usr/bin/oslevel       = unknown
/bin/universe          = unknown

PATH: /usr/local/sbin
PATH: /usr/local/bin
PATH: /usr/sbin
PATH: /usr/bin
PATH: /sbin
PATH: /bin
PATH: /usr/games
PATH: /usr/local/games


## ----------- ##
## Core tests. ##
## ----------- ##

configure:2186: checking for a BSD-compatible install
configure:2254: result: /usr/bin/install -c
configure:2265: checking whether build environment is sane
configure:2320: result: yes
configure:2471: checking for a thread-safe mkdir -p
configure:2510: result: /bin/mkdir -p
configure:2517: checking for gawk
configure:2547: result: no
configure:2517: checking for mawk
configure:2533: found /usr/bin/mawk
configure:2544: result: mawk
configure:2555: checking whether make sets $(MAKE)
configure:2577: result: yes
configure:2606: checking whether make supports nested variables
configure:2623: result: yes
configure:2760: checking whether make supports nested variables
configure:2777: result: yes
configure:2837: checking for gcc
configure:2853: found /usr/bin/gcc
configure:2864: result: gcc
configure:3093: checking for C compiler version
configure:3102: gcc --version >&5
gcc (Ubuntu 4.8.2-19ubuntu1) 4.8.2
Copyright (C) 2013 Free Software Foundation, Inc.
This is free software; see the source for copying conditions.  There is NO
warranty; not even for MERCHANTABILITY or FITNESS FOR A PARTICULAR PURPOSE.

configure:3113: $? = 0
configure:3102: gcc -v >&5
Using built-in specs.
COLLECT_GCC=gcc
COLLECT_LTO_WRAPPER=/usr/lib/gcc/i686-linux-gnu/4.8/lto-wrapper
Target: i686-linux-gnu
Configured with: ../src/configure -v --with-pkgversion='Ubuntu 4.8.2-19ubuntu1' --with-bugurl=file:///usr/share/doc/gcc-4.8/README.Bugs --enable-languages=c,c++,java,go,d,fortran,objc,obj-c++ --prefix=/usr --program-suffix=-4.8 --enable-shared --enable-linker-build-id --libexecdir=/usr/lib --without-included-gettext --enable-threads=posix --with-gxx-include-dir=/usr/include/c++/4.8 --libdir=/usr/lib --enable-nls --with-sysroot=/ --enable-clocale=gnu --enable-libstdcxx-debug --enable-libstdcxx-time=yes --enable-gnu-unique-object --disable-libmudflap --enable-plugin --with-system-zlib --disable-browser-plugin --enable-java-awt=gtk --enable-gtk-cairo --with-java-home=/usr/lib/jvm/java-1.5.0-gcj-4.8-i386/jre --enable-java-home --with-jvm-root-dir=/usr/lib/jvm/java-1.5.0-gcj-4.8-i386 --with-jvm-jar-dir=/usr/lib/jvm-exports/java-1.5.0-gcj-4.8-i386 --with-arch-directory=i386 --with-ecj-jar=/usr/share/java/eclipse-ecj.jar --enable-objc-gc --enable-targets=all --enable-multiarch --disable-werror --with-arch-32=i686 --with-multilib-list=m32,m64,mx32 --with-tune=generic --enable-checking=release --build=i686-linux-gnu --host=i686-linux-gnu --target=i686-linux-gnu
Thread model: posix
gcc version 4.8.2 (Ubuntu 4.8.2-19ubuntu1) 
configure:3113: $? = 0
configure:3102: gcc -V >&5
gcc: error: unrecognized command line option '-V'
gcc: fatal error: no input files
compilation terminated.
configure:3113: $? = 4
configure:3102: gcc -qversion >&5
gcc: error: unrecognized command line option '-qversion'
gcc: fatal error: no input files
compilation terminated.
configure:3113: $? = 4
configure:3133: checking whether the C compiler works
configure:3155: gcc -g -O0   conftest.c  >&5
configure:3159: $? = 0
configure:3207: result: yes
configure:3210: checking for C compiler default output file name
configure:3212: result: a.out
configure:3218: checking for suffix of executables
configure:3225: gcc -o conftest -g -O0   conftest.c  >&5
configure:3229: $? = 0
configure:3251: result: 
configure:3273: checking whether we are cross compiling
configure:3281: gcc -o conftest -g -O0   conftest.c  >&5
configure:3285: $? = 0
configure:3292: ./conftest
configure:3296: $? = 0
configure:3311: result: no
configure:3316: checking for suffix of object files
configure:3338: gcc -c -g -O0  conftest.c >&5
configure:3342: $? = 0
configure:3363: result: o
configure:3367: checking whether we are using the GNU C compiler
configure:3386: gcc -c -g -O0  conftest.c >&5
configure:3386: $? = 0
configure:3395: result: yes
configure:3404: checking whether gcc accepts -g
configure:3424: gcc -c -g  conftest.c >&5
configure:3424: $? = 0
configure:3465: result: yes
configure:3482: checking for gcc option to accept ISO C89
configure:3545: gcc  -c -g -O0  conftest.c >&5
configure:3545: $? = 0
configure:3558: result: none needed
configure:3583: checking whether gcc understands -c and -o together
configure:3605: gcc -c conftest.c -o conftest2.o
configure:3608: $? = 0
configure:3605: gcc -c conftest.c -o conftest2.o
configure:3608: $? = 0
configure:3620: result: yes
configure:3648: checking for style of include used by make
configure:3676: result: GNU
configure:3702: checking dependency style of gcc
configure:3813: result: gcc3
configure:3865: checking build system type
configure:3879: result: i686-pc-linux-gnu
configure:3899: checking host system type
configure:3912: result: i686-pc-linux-gnu
configure:3953: checking how to print strings
configure:3980: result: printf
configure:4001: checking for a sed that does not truncate output
configure:4065: result: /bin/sed
configure:4083: checking for grep that handles long lines and -e
configure:4141: result: /bin/grep
configure:4146: checking for egrep
configure:4208: result: /bin/grep -E
configure:4213: checking for fgrep
configure:4275: result: /bin/grep -F
configure:4310: checking for ld used by gcc
configure:4377: result: /usr/bin/ld
configure:4384: checking if the linker (/usr/bin/ld) is GNU ld
configure:4399: result: yes
configure:4411: checking for BSD- or MS-compatible name lister (nm)
configure:4460: result: /usr/bin/nm -B
configure:4590: checking the name lister (/usr/bin/nm -B) interface
configure:4597: gcc -c -g -O0  conftest.c >&5
configure:4600: /usr/bin/nm -B "conftest.o"
configure:4603: output
00000000 B some_variable
configure:4610: result: BSD nm
configure:4613: checking whether ln -s works
configure:4617: result: yes
configure:4625: checking the maximum length of command line arguments
configure:4756: result: 805306365
configure:4773: checking whether the shell understands some XSI constructs
configure:4783: result: yes
configure:4787: checking whether the shell understands "+="
configure:4793: result: yes
configure:4828: checking how to convert i686-pc-linux-gnu file names to i686-pc-linux-gnu format
configure:4868: result: func_convert_file_noop
configure:4875: checking how to convert i686-pc-linux-gnu file names to toolchain format
configure:4895: result: func_convert_file_noop
configure:4902: checking for /usr/bin/ld option to reload object files
configure:4909: result: -r
configure:4983: checking for objdump
configure:4999: found /usr/bin/objdump
configure:5010: result: objdump
configure:5042: checking how to recognize dependent libraries
configure:5240: result: pass_all
configure:5325: checking for dlltool
configure:5355: result: no
configure:5385: checking how to associate runtime and link libraries
configure:5412: result: printf %s\n
configure:5473: checking for ar
configure:5489: found /usr/bin/ar
configure:5500: result: ar
configure:5537: checking for archiver @FILE support
configure:5554: gcc -c -g -O0  conftest.c >&5
configure:5554: $? = 0
configure:5557: ar cru libconftest.a @conftest.lst >&5
configure:5560: $? = 0
configure:5565: ar cru libconftest.a @conftest.lst >&5
ar: conftest.o: No such file or directory
configure:5568: $? = 1
configure:5580: result: @
configure:5638: checking for strip
configure:5654: found /usr/bin/strip
configure:5665: result: strip
configure:5737: checking for ranlib
configure:5753: found /usr/bin/ranlib
configure:5764: result: ranlib
configure:5866: checking command to parse /usr/bin/nm -B output from gcc object
configure:5986: gcc -c -g -O0  conftest.c >&5
configure:5989: $? = 0
configure:5993: /usr/bin/nm -B conftest.o \| sed -n -e 's/^.*[ ]\([ABCDGIRSTW][ABCDGIRSTW]*\)[ ][ ]*\([_A-Za-z][_A-Za-z0-9]*\)$/\1 \2 \2/p' | sed '/ __gnu_lto/d' \> conftest.nm
configure:5996: $? = 0
configure:6062: gcc -o conftest -g -O0   conftest.c conftstm.o >&5
configure:6065: $? = 0
configure:6103: result: ok
configure:6140: checking for sysroot
configure:6170: result: no
configure:6439: checking for mt
configure:6455: found /bin/mt
configure:6466: result: mt
configure:6489: checking if mt is a manifest tool
configure:6495: mt '-?'
configure:6503: result: no
configure:7145: checking how to run the C preprocessor
configure:7176: gcc -E  conftest.c
configure:7176: $? = 0
configure:7190: gcc -E  conftest.c
conftest.c:11:28: fatal error: ac_nonexistent.h: No such file or directory
 #include <ac_nonexistent.h>
                            ^
compilation terminated.
configure:7190: $? = 1
configure: failed program was:
| /* confdefs.h */
| #define PACKAGE_NAME "glocate"
| #define PACKAGE_TARNAME "glocate"
| #define PACKAGE_VERSION "0.1"
| #define PACKAGE_STRING "glocate 0.1"
| #define PACKAGE_BUGREPORT ""
| #define PACKAGE_URL ""
| #define PACKAGE "glocate"
| #define VERSION "0.1"
| /* end confdefs.h.  */
| #include <ac_nonexistent.h>
configure:7215: result: gcc -E
configure:7235: gcc -E  conftest.c
configure:7235: $? = 0
configure:7249: gcc -E  conftest.c
conftest.c:11:28: fatal error: ac_nonexistent.h: No such file or directory
 #include <ac_nonexistent.h>
                            ^
compilation terminated.
configure:7249: $? = 1
configure: failed program was:
| /* confdefs.h */
| #define PACKAGE_NAME "glocate"
| #define PACKAGE_TARNAME "glocate"
| #define PACKAGE_VERSION "0.1"
| #define PACKAGE_STRING "glocate 0.1"
| #define PACKAGE_BUGREPORT ""
| #define PACKAGE_URL ""
| #define PACKAGE "glocate"
| #define VERSION "0.1"
| /* end confdefs.h.  */
| #include <ac_nonexistent.h>
configure:7278: checking for ANSI C header files
configure:7298: gcc -c -g -O0  conftest.c >&5
configure:7298: $? = 0
configure:7371: gcc -o conftest -g -O0   conftest.c  >&5
configure:7371: $? = 0
configure:7371: ./conftest
configure:7371: $? = 0
configure:7382: result: yes
configure:7395: checking for sys/types.h
configure:7395: gcc -c -g -O0  conftest.c >&5
configure:7395: $? = 0
configure:7395: result: yes
configure:7395: checking for sys/stat.h
configure:7395: gcc -c -g -O0  conftest.c >&5
configure:7395: $? = 0
configure:7395: result: yes
configure:7395: checking for stdlib.h
configure:7395: gcc -c -g -O0  conftest.c >&5
configure:7395: $? = 0
configure:7395: result: yes
configure:7395: checking for string.h
configure:7395: gcc -c -g -O0  conftest.c >&5
configure:7395: $? = 0
configure:7395: result: yes
configure:7395: checking for memory.h
configure:7395: gcc -c -g -O0  conftest.c >&5
configure:7395: $? = 0
configure:7395: result: yes
configure:7395: checking for strings.h
configure:7395: gcc -c -g -O0  conftest.c >&5
configure:7395: $? = 0
configure:7395: result: yes
configure:7395: checking for inttypes.h
configure:7395: gcc -c -g -O0  conftest.c >&5
configure:7395: $? = 0
configure:7395: result: yes
configure:7395: checking for stdint.h
configure:7395: gcc -c -g -O0  conftest.c >&5
configure:7395: $? = 0
configure:7395: result: yes
configure:7395: checking for unistd.h
configure:7395: gcc -c -g -O0  conftest.c >&5
configure:7395: $? = 0
configure:7395: result: yes
configure:7409: checking for dlfcn.h
configure:7409: gcc -c -g -O0  conftest.c >&5
configure:7409: $? = 0
configure:7409: result: yes
configure:7615: checking for objdir
configure:7630: result: .libs
configure:7897: checking if gcc supports -fno-rtti -fno-exceptions
configure:7915: gcc -c -g -O0  -fno-rtti -fno-exceptions conftest.c >&5
cc1: warning: command line option '-fno-rtti' is valid for C++/ObjC++ but not for C [enabled by default]
configure:7919: $? = 0
configure:7932: result: no
configure:8259: checking for gcc option to produce PIC
configure:8266: result: -fPIC -DPIC
configure:8274: checking if gcc PIC flag -fPIC -DPIC works
configure:8292: gcc -c -g -O0  -fPIC -DPIC -DPIC conftest.c >&5
configure:8296: $? = 0
configure:8309: result: yes
configure:8338: checking if gcc static flag -static works
configure:8366: result: yes
configure:8381: checking if gcc supports -c -o file.o
configure:8402: gcc -c -g -O0  -o out/conftest2.o conftest.c >&5
configure:8406: $? = 0
configure:8428: result: yes
configure:8436: checking if gcc supports -c -o file.o
configure:8483: result: yes
configure:8516: checking whether the gcc linker (/usr/bin/ld) supports shared libraries
configure:9673: result: yes
configure:9710: checking whether -lc should be explicitly linked in
configure:9718: gcc -c -g -O0  conftest.c >&5
configure:9721: $? = 0
configure:9736: gcc -shared  -fPIC -DPIC conftest.o  -v -Wl,-soname -Wl,conftest -o conftest 2\>\&1 \| /bin/grep  -lc  \>/dev/null 2\>\&1
configure:9739: $? = 0
configure:9753: result: no
configure:9913: checking dynamic linker characteristics
configure:10413: gcc -o conftest -g -O0   -Wl,-rpath -Wl,/foo conftest.c  >&5
configure:10413: $? = 0
configure:10647: result: GNU/Linux ld.so
configure:10754: checking how to hardcode library paths into programs
configure:10779: result: immediate
configure:11319: checking whether stripping libraries is possible
configure:11324: result: yes
configure:11359: checking if libtool supports shared libraries
configure:11361: result: yes
configure:11364: checking whether to build shared libraries
configure:11385: result: yes
configure:11388: checking whether to build static libraries
configure:11392: result: yes
configure:11485: checking for pkg-config
configure:11503: found /usr/bin/pkg-config
configure:11515: result: /usr/bin/pkg-config
configure:11540: checking pkg-config is at least version 0.9.0
configure:11543: result: yes
configure:11553: checking for PTHREAD_STUBS
configure:11560: $PKG_CONFIG --exists --print-errors "pthread-stubs"
configure:11563: $? = 0
configure:11577: $PKG_CONFIG --exists --print-errors "pthread-stubs"
configure:11580: $? = 0
configure:11638: result: yes
configure:11645: checking for GLOCATE
configure:11652: $PKG_CONFIG --exists --print-errors "gtk+-3.0 "
configure:11655: $? = 0
configure:11669: $PKG_CONFIG --exists --print-errors "gtk+-3.0 "
configure:11672: $? = 0
configure:11730: result: yes
configure:11849: checking that generated files are newer than configure
configure:11855: result: done
configure:11878: creating ./config.status
configure:14099: WARNING: unrecognized options: --enable-maintainer-mode

## ---------------- ##
## Cache variables. ##
## ---------------- ##

ac_cv_build=i686-pc-linux-gnu
ac_cv_c_compiler_gnu=yes
ac_cv_env_CC_set=
ac_cv_env_CC_value=
ac_cv_env_CFLAGS_set=set
ac_cv_env_CFLAGS_value='-g -O0'
ac_cv_env_CPPFLAGS_set=
ac_cv_env_CPPFLAGS_value=
ac_cv_env_CPP_set=
ac_cv_env_CPP_value=
ac_cv_env_GLOCATE_CFLAGS_set=
ac_cv_env_GLOCATE_CFLAGS_value=
ac_cv_env_GLOCATE_LIBS_set=
ac_cv_env_GLOCATE_LIBS_value=
ac_cv_env_LDFLAGS_set=
ac_cv_env_LDFLAGS_value=
ac_cv_env_LIBS_set=
ac_cv_env_LIBS_value=
ac_cv_env_PKG_CONFIG_LIBDIR_set=
ac_cv_env_PKG_CONFIG_LIBDIR_value=
ac_cv_env_PKG_CONFIG_PATH_set=
ac_cv_env_PKG_CONFIG_PATH_value=
ac_cv_env_PKG_CONFIG_set=
ac_cv_env_PKG_CONFIG_value=
ac_cv_env_PTHREAD_STUBS_CFLAGS_set=
ac_cv_env_PTHREAD_STUBS_CFLAGS_value=
ac_cv_env_PTHREAD_STUBS_LIBS_set=
ac_cv_env_PTHREAD_STUBS_LIBS_value=
ac_cv_env_build_alias_set=
ac_cv_env_build_alias_value=
ac_cv_env_host_alias_set=
ac_cv_env_host_alias_value=
ac_cv_env_target_alias_set=
ac_cv_env_target_alias_value=
ac_cv_header_dlfcn_h=yes
ac_cv_header_inttypes_h=yes
ac_cv_header_memory_h=yes
ac_cv_header_stdc=yes
ac_cv_header_stdint_h=yes
ac_cv_header_stdlib_h=yes
ac_cv_header_string_h=yes
ac_cv_header_strings_h=yes
ac_cv_header_sys_stat_h=yes
ac_cv_header_sys_types_h=yes
ac_cv_header_unistd_h=yes
ac_cv_host=i686-pc-linux-gnu
ac_cv_objext=o
ac_cv_path_EGREP='/bin/grep -E'
ac_cv_path_FGREP='/bin/grep -F'
ac_cv_path_GREP=/bin/grep
ac_cv_path_SED=/bin/sed
ac_cv_path_ac_pt_PKG_CONFIG=/usr/bin/pkg-config
ac_cv_path_install='/usr/bin/install -c'
ac_cv_path_mkdir=/bin/mkdir
ac_cv_prog_AWK=mawk
ac_cv_prog_CPP='gcc -E'
ac_cv_prog_ac_ct_AR=ar
ac_cv_prog_ac_ct_CC=gcc
ac_cv_prog_ac_ct_MANIFEST_TOOL=mt
ac_cv_prog_ac_ct_OBJDUMP=objdump
ac_cv_prog_ac_ct_RANLIB=ranlib
ac_cv_prog_ac_ct_STRIP=strip
ac_cv_prog_cc_c89=
ac_cv_prog_cc_g=yes
ac_cv_prog_make_make_set=yes
am_cv_CC_dependencies_compiler_type=gcc3
am_cv_make_support_nested_variables=yes
am_cv_prog_cc_c_o=yes
lt_cv_ar_at_file=@
lt_cv_archive_cmds_need_lc=no
lt_cv_deplibs_check_method=pass_all
lt_cv_file_magic_cmd='$MAGIC_CMD'
lt_cv_file_magic_test_file=
lt_cv_ld_reload_flag=-r
lt_cv_nm_interface='BSD nm'
lt_cv_objdir=.libs
lt_cv_path_LD=/usr/bin/ld
lt_cv_path_NM='/usr/bin/nm -B'
lt_cv_path_mainfest_tool=no
lt_cv_prog_compiler_c_o=yes
lt_cv_prog_compiler_pic='-fPIC -DPIC'
lt_cv_prog_compiler_pic_works=yes
lt_cv_prog_compiler_rtti_exceptions=no
lt_cv_prog_compiler_static_works=yes
lt_cv_prog_gnu_ld=yes
lt_cv_sharedlib_from_linklib_cmd='printf %s\n'
lt_cv_shlibpath_overrides_runpath=no
lt_cv_sys_global_symbol_pipe='sed -n -e '\''s/^.*[	 ]\([ABCDGIRSTW][ABCDGIRSTW]*\)[	 ][	 ]*\([_A-Za-z][_A-Za-z0-9]*\)$/\1 \2 \2/p'\'' | sed '\''/ __gnu_lto/d'\'''
lt_cv_sys_global_symbol_to_c_name_address='sed -n -e '\''s/^: \([^ ]*\)[ ]*$/  {\"\1\", (void *) 0},/p'\'' -e '\''s/^[ABCDGIRSTW]* \([^ ]*\) \([^ ]*\)$/  {"\2", (void *) \&\2},/p'\'''
lt_cv_sys_global_symbol_to_c_name_address_lib_prefix='sed -n -e '\''s/^: \([^ ]*\)[ ]*$/  {\"\1\", (void *) 0},/p'\'' -e '\''s/^[ABCDGIRSTW]* \([^ ]*\) \(lib[^ ]*\)$/  {"\2", (void *) \&\2},/p'\'' -e '\''s/^[ABCDGIRSTW]* \([^ ]*\) \([^ ]*\)$/  {"lib\2", (void *) \&\2},/p'\'''
lt_cv_sys_global_symbol_to_cdecl='sed -n -e '\''s/^T .* \(.*\)$/extern int \1();/p'\'' -e '\''s/^[ABCDGIRSTW]* .* \(.*\)$/extern char \1;/p'\'''
lt_cv_sys_max_cmd_len=805306365
lt_cv_to_host_file_cmd=func_convert_file_noop
lt_cv_to_tool_file_cmd=func_convert_file_noop
pkg_cv_GLOCATE_CFLAGS='-pthread -I/usr/include/gtk-3.0 -I/usr/include/atk-1.0 -I/usr/include/at-spi2-atk/2.0 -I/usr/include/pango-1.0 -I/usr/include/gio-unix-2.0/ -I/usr/include/cairo -I/usr/include/gdk-pixbuf-2.0 -I/usr/include/glib-2.0 -I/usr/lib/i386-linux-gnu/glib-2.0/include -I/usr/include/harfbuzz -I/usr/include/freetype2 -I/usr/include/pixman-1 -I/usr/include/libpng12  '
pkg_cv_GLOCATE_LIBS='-lgtk-3 -lgdk-3 -latk-1.0 -lgio-2.0 -lpangocairo-1.0 -lgdk_pixbuf-2.0 -lcairo-gobject -lpango-1.0 -lcairo -lgobject-2.0 -lglib-2.0  '
pkg_cv_PTHREAD_STUBS_CFLAGS=' '
pkg_cv_PTHREAD_STUBS_LIBS=' '

## ----------------- ##
## Output variables. ##
## ----------------- ##

ACLOCAL='${SHELL} /home/olegartys/glocate/missing aclocal-1.14'
AMDEPBACKSLASH='\'
AMDEP_FALSE='#'
AMDEP_TRUE=''
AMTAR='$${TAR-tar}'
AM_BACKSLASH='\'
AM_DEFAULT_V='$(AM_DEFAULT_VERBOSITY)'
AM_DEFAULT_VERBOSITY='0'
AM_V='$(V)'
AR='ar'
AUTOCONF='${SHELL} /home/olegartys/glocate/missing autoconf'
AUTOHEADER='${SHELL} /home/olegartys/glocate/missing autoheader'
AUTOMAKE='${SHELL} /home/olegartys/glocate/missing automake-1.14'
AWK='mawk'
CC='gcc'
CCDEPMODE='depmode=gcc3'
CFLAGS='-g -O0'
CPP='gcc -E'
CPPFLAGS=''
CYGPATH_W='echo'
DEFS='-DHAVE_CONFIG_H'
DEPDIR='.deps'
DLLTOOL='false'
DSYMUTIL=''
DUMPBIN=''
ECHO_C=''
ECHO_N='-n'
ECHO_T=''
EGREP='/bin/grep -E'
EXEEXT=''
FGREP='/bin/grep -F'
GLOCATE_CFLAGS='-pthread -I/usr/include/gtk-3.0 -I/usr/include/atk-1.0 -I/usr/include/at-spi2-atk/2.0 -I/usr/include/pango-1.0 -I/usr/include/gio-unix-2.0/ -I/usr/include/cairo -I/usr/include/gdk-pixbuf-2.0 -I/usr/include/glib-2.0 -I/usr/lib/i386-linux-gnu/glib-2.0/include -I/usr/include/harfbuzz -I/usr/include/freetype2 -I/usr/include/pixman-1 -I/usr/include/libpng12  '
GLOCATE_LIBS='-lgtk-3 -lgdk-3 -latk-1.0 -lgio-2.0 -lpangocairo-1.0 -lgdk_pixbuf-2.0 -lcairo-gobject -lpango-1.0 -lcairo -lgobject-2.0 -lglib-2.0  '
GREP='/bin/grep'
INSTALL_DATA='${INSTALL} -m 644'
INSTALL_PROGRAM='${INSTALL}'
INSTALL_SCRIPT='${INSTALL}'
INSTALL_STRIP_PROGRAM='$(install_sh) -c -s'
LD='/usr/bin/ld'
LDFLAGS=''
LIBOBJS=''
LIBS=''
LIBTOOL='$(SHELL) $(top_builddir)/libtool'
LIPO=''
LN_S='ln -s'
LTLIBOBJS=''
MAKEINFO='${SHELL} /home/olegartys/glocate/missing makeinfo'
MANIFEST_TOOL=':'
MKDIR_P='/bin/mkdir -p'
NM='/usr/bin/nm -B'
NMEDIT=''
OBJDUMP='objdump'
OBJEXT='o'
OTOOL64=''
OTOOL=''
PACKAGE='glocate'
PACKAGE_BUGREPORT=''
PACKAGE_NAME='glocate'
PACKAGE_STRING='glocate 0.1'
PACKAGE_TARNAME='glocate'
PACKAGE_URL=''
PACKAGE_VERSION='0.1'
PATH_SEPARATOR=':'
PKG_CONFIG='/usr/bin/pkg-config'
PKG_CONFIG_LIBDIR=''
PKG_CONFIG_PATH=''
PTHREAD_STUBS_CFLAGS=' '
PTHREAD_STUBS_LIBS=' '
RANLIB='ranlib'
SED='/bin/sed'
SET_MAKE=''
SHELL='/bin/bash'
STRIP='strip'
VERSION='0.1'
ac_ct_AR='ar'
ac_ct_CC='gcc'
ac_ct_DUMPBIN=''
am__EXEEXT_FALSE=''
am__EXEEXT_TRUE='#'
am__fastdepCC_FALSE='#'
am__fastdepCC_TRUE=''
am__include='include'
am__isrc=' -I$(srcdir)'
am__leading_dot='.'
am__nodep='_no'
am__quote=''
am__tar='$${TAR-tar} chof - "$$tardir"'
am__untar='$${TAR-tar} xf -'
bindir='${exec_prefix}/bin'
build='i686-pc-linux-gnu'
build_alias=''
build_cpu='i686'
build_os='linux-gnu'
build_vendor='pc'
datadir='${datarootdir}'
datarootdir='${prefix}/share'
docdir='${datarootdir}/doc/${PACKAGE_TARNAME}'
dvidir='${docdir}'
exec_prefix='${prefix}'
host='i686-pc-linux-gnu'
host_alias=''
host_cpu='i686'
host_os='linux-gnu'
host_vendor='pc'
htmldir='${docdir}'
includedir='${prefix}/include'
infodir='${datarootdir}/info'
install_sh='${SHELL} /home/olegartys/glocate/install-sh'
libdir='${exec_prefix}/lib'
libexecdir='${exec_prefix}/libexec'
localedir='${datarootdir}/locale'
localstatedir='${prefix}/var'
mandir='${datarootdir}/man'
mkdir_p='$(MKDIR_P)'
oldincludedir='/usr/include'
pdfdir='${docdir}'
prefix='/usr/local'
program_transform_name='s,x,x,'
psdir='${docdir}'
sbindir='${exec_prefix}/sbin'
sharedstatedir='${prefix}/com'
sysconfdir='${prefix}/etc'
target_alias=''

## ----------- ##
## confdefs.h. ##
## ----------- ##

/* confdefs.h */
#define PACKAGE_NAME "glocate"
#define PACKAGE_TARNAME "glocate"
#define PACKAGE_VERSION "0.1"
#define PACKAGE_STRING "glocate 0.1"
#define PACKAGE_BUGREPORT ""
#define PACKAGE_URL ""
#define PACKAGE "glocate"
#define VERSION "0.1"
#define STDC_HEADERS 1
#define HAVE_SYS_TYPES_H 1
#define HAVE_SYS_STAT_H 1
#define HAVE_STDLIB_H 1
#define HAVE_STRING_H 1
#define HAVE_MEMORY_H 1
#define HAVE_STRINGS_H 1
#define HAVE_INTTYPES_H 1
#define HAVE_STDINT_H 1
#define HAVE_UNISTD_H 1
#define HAVE_DLFCN_H 1
#define LT_OBJDIR ".libs/"

configure: exit 0

## ---------------------- ##
## Running config.status. ##
## ---------------------- ##

This file was extended by glocate config.status 0.1, which was
generated by GNU Autoconf 2.69.  Invocation command line was

  CONFIG_FILES    = 
  CONFIG_HEADERS  = 
  CONFIG_LINKS    = 
  CONFIG_COMMANDS = 
  $ ./config.status 

on olegartys-Acer

config.status:1090: creating Makefile
config.status:1090: creating src/Makefile
config.status:1090: creating config.h
config.status:1256: config.h is unchanged
config.status:1304: executing depfiles commands
config.status:1304: executing libtool commands

## ---------------------- ##
## Running config.status. ##
## ---------------------- ##

This file was extended by glocate config.status 0.1, which was
generated by GNU Autoconf 2.69.  Invocation command line was

  CONFIG_FILES    = 
  CONFIG_HEADERS  = 
  CONFIG_LINKS    = 
  CONFIG_COMMANDS = 
  $ ./config.status config.h

on olegartys-Acer

config.status:1090: creating config.h
config.status:1256: config.h is unchanged
